
> web@0.1.0 build /Users/jonaskruger/Dev/en13813/apps/web
> next build

  ▲ Next.js 14.2.5
  - Environments: .env.local, .env.production

   Creating an optimized production build ...
 ⚠ Compiled with warnings

./components/navigation/SiteHeader.tsx
Attempted import error: 'createBrowserClient' is not exported from '@/lib/supabase/client' (imported as 'createBrowserClient').

Import trace for requested module:
./components/navigation/SiteHeader.tsx

./components/navigation/SiteHeader.tsx
Attempted import error: 'createBrowserClient' is not exported from '@/lib/supabase/client' (imported as 'createBrowserClient').

Import trace for requested module:
./components/navigation/SiteHeader.tsx

../../node_modules/.pnpm/@opentelemetry+instrumentation@0.204.0_@opentelemetry+api@1.9.0/node_modules/@opentelemetry/instrumentation/build/esm/platform/node/instrumentation.js
Critical dependency: the request of a dependency is an expression

Import trace for requested module:
../../node_modules/.pnpm/@opentelemetry+instrumentation@0.204.0_@opentelemetry+api@1.9.0/node_modules/@opentelemetry/instrumentation/build/esm/platform/node/instrumentation.js
../../node_modules/.pnpm/@opentelemetry+instrumentation@0.204.0_@opentelemetry+api@1.9.0/node_modules/@opentelemetry/instrumentation/build/esm/platform/node/index.js
../../node_modules/.pnpm/@opentelemetry+instrumentation@0.204.0_@opentelemetry+api@1.9.0/node_modules/@opentelemetry/instrumentation/build/esm/platform/index.js
../../node_modules/.pnpm/@opentelemetry+instrumentation@0.204.0_@opentelemetry+api@1.9.0/node_modules/@opentelemetry/instrumentation/build/esm/index.js
../../node_modules/.pnpm/@sentry+node@10.13.0/node_modules/@sentry/node/build/cjs/integrations/tracing/postgresjs.js
../../node_modules/.pnpm/@sentry+node@10.13.0/node_modules/@sentry/node/build/cjs/index.js
../../node_modules/.pnpm/@sentry+nextjs@10.13.0_@opentelemetry+context-async-hooks@2.1.0_@opentelemetry+core@2.1.0_@op_emvkafu55mk5lxqhvk5ny3tiom/node_modules/@sentry/nextjs/build/cjs/index.server.js
./app/error.tsx

../../node_modules/.pnpm/require-in-the-middle@7.5.2/node_modules/require-in-the-middle/index.js
Critical dependency: require function is used in a way in which dependencies cannot be statically extracted

Import trace for requested module:
../../node_modules/.pnpm/require-in-the-middle@7.5.2/node_modules/require-in-the-middle/index.js
../../node_modules/.pnpm/@opentelemetry+instrumentation@0.204.0_@opentelemetry+api@1.9.0/node_modules/@opentelemetry/instrumentation/build/esm/platform/node/instrumentation.js
../../node_modules/.pnpm/@opentelemetry+instrumentation@0.204.0_@opentelemetry+api@1.9.0/node_modules/@opentelemetry/instrumentation/build/esm/platform/node/index.js
../../node_modules/.pnpm/@opentelemetry+instrumentation@0.204.0_@opentelemetry+api@1.9.0/node_modules/@opentelemetry/instrumentation/build/esm/platform/index.js
../../node_modules/.pnpm/@opentelemetry+instrumentation@0.204.0_@opentelemetry+api@1.9.0/node_modules/@opentelemetry/instrumentation/build/esm/index.js
../../node_modules/.pnpm/@sentry+node@10.13.0/node_modules/@sentry/node/build/cjs/integrations/tracing/postgresjs.js
../../node_modules/.pnpm/@sentry+node@10.13.0/node_modules/@sentry/node/build/cjs/index.js
../../node_modules/.pnpm/@sentry+nextjs@10.13.0_@opentelemetry+context-async-hooks@2.1.0_@opentelemetry+core@2.1.0_@op_emvkafu55mk5lxqhvk5ny3tiom/node_modules/@sentry/nextjs/build/cjs/index.server.js
./app/error.tsx

   Linting and checking validity of types ...
